Performing C SOURCE FILE Test WITH_STACK_PROTECTOR failed with the following output:
Change Dir: /home/adamnuhaily/ecen5013/tutorials/unit_tests/3rd-party/build-Debug/cmocka/CMakeFiles/CMakeTmp

Run Build Command:"/usr/bin/make" "cmTryCompileExec1113121294/fast"
make[2]: Entering directory '/home/adamnuhaily/ecen5013/tutorials/unit_tests/3rd-party/build-Debug/cmocka/CMakeFiles/CMakeTmp'
/usr/bin/make -f CMakeFiles/cmTryCompileExec1113121294.dir/build.make CMakeFiles/cmTryCompileExec1113121294.dir/build
make[3]: Entering directory '/home/adamnuhaily/ecen5013/tutorials/unit_tests/3rd-party/build-Debug/cmocka/CMakeFiles/CMakeTmp'
/usr/bin/cmake -E cmake_progress_report /home/adamnuhaily/ecen5013/tutorials/unit_tests/3rd-party/build-Debug/cmocka/CMakeFiles/CMakeTmp/CMakeFiles 1
Building C object CMakeFiles/cmTryCompileExec1113121294.dir/src.c.o
/usr/bin/cc   -std=c99 -Wall -Werror -g -O0 -I 3rd-party/build-Debug/include  -std=gnu99 -pedantic -pedantic-errors -Wall -Wextra -Wshadow -Wmissing-prototypes -Wdeclaration-after-statement -Wunused -Wfloat-equal -Wpointer-arith -Wwrite-strings -Wformat-security -Wmissing-format-attribute -Wundef -fPIC -DWITH_STACK_PROTECTOR   -fstack-protector -o CMakeFiles/cmTryCompileExec1113121294.dir/src.c.o   -c /home/adamnuhaily/ecen5013/tutorials/unit_tests/3rd-party/build-Debug/cmocka/CMakeFiles/CMakeTmp/src.c
/home/adamnuhaily/ecen5013/tutorials/unit_tests/3rd-party/build-Debug/cmocka/CMakeFiles/CMakeTmp/src.c: In function ‘main’:
/home/adamnuhaily/ecen5013/tutorials/unit_tests/3rd-party/build-Debug/cmocka/CMakeFiles/CMakeTmp/src.c:1:27: error: unused parameter ‘argv’ [-Werror=unused-parameter]
 int main(int argc, char **argv) { char buffer[256]; return buffer[argc]=0;}
                           ^
cc1: all warnings being treated as errors
CMakeFiles/cmTryCompileExec1113121294.dir/build.make:57: recipe for target 'CMakeFiles/cmTryCompileExec1113121294.dir/src.c.o' failed
make[3]: Leaving directory '/home/adamnuhaily/ecen5013/tutorials/unit_tests/3rd-party/build-Debug/cmocka/CMakeFiles/CMakeTmp'
Makefile:118: recipe for target 'cmTryCompileExec1113121294/fast' failed
make[2]: Leaving directory '/home/adamnuhaily/ecen5013/tutorials/unit_tests/3rd-party/build-Debug/cmocka/CMakeFiles/CMakeTmp'
make[3]: *** [CMakeFiles/cmTryCompileExec1113121294.dir/src.c.o] Error 1
make[2]: *** [cmTryCompileExec1113121294/fast] Error 2

Source file was:
int main(int argc, char **argv) { char buffer[256]; return buffer[argc]=0;}
Determining if the include file io.h exists failed with the following output:
Change Dir: /home/adamnuhaily/ecen5013/tutorials/unit_tests/3rd-party/build-Debug/cmocka/CMakeFiles/CMakeTmp

Run Build Command:"/usr/bin/make" "cmTryCompileExec3182045099/fast"
make[2]: Entering directory '/home/adamnuhaily/ecen5013/tutorials/unit_tests/3rd-party/build-Debug/cmocka/CMakeFiles/CMakeTmp'
/usr/bin/make -f CMakeFiles/cmTryCompileExec3182045099.dir/build.make CMakeFiles/cmTryCompileExec3182045099.dir/build
make[3]: Entering directory '/home/adamnuhaily/ecen5013/tutorials/unit_tests/3rd-party/build-Debug/cmocka/CMakeFiles/CMakeTmp'
/usr/bin/cmake -E cmake_progress_report /home/adamnuhaily/ecen5013/tutorials/unit_tests/3rd-party/build-Debug/cmocka/CMakeFiles/CMakeTmp/CMakeFiles 1
Building C object CMakeFiles/cmTryCompileExec3182045099.dir/CheckIncludeFile.c.o
/usr/bin/cc   -std=c99 -Wall -Werror -g -O0 -I 3rd-party/build-Debug/include  -std=gnu99 -pedantic -pedantic-errors -Wall -Wextra -Wshadow -Wmissing-prototypes -Wdeclaration-after-statement -Wunused -Wfloat-equal -Wpointer-arith -Wwrite-strings -Wformat-security -Wmissing-format-attribute -Wundef -fPIC -D_GNU_SOURCE -D_LARGEFILE64_SOURCE    -o CMakeFiles/cmTryCompileExec3182045099.dir/CheckIncludeFile.c.o   -c /home/adamnuhaily/ecen5013/tutorials/unit_tests/3rd-party/build-Debug/cmocka/CMakeFiles/CMakeTmp/CheckIncludeFile.c
/home/adamnuhaily/ecen5013/tutorials/unit_tests/3rd-party/build-Debug/cmocka/CMakeFiles/CMakeTmp/CheckIncludeFile.c:1:16: fatal error: io.h: No such file or directory
 #include <io.h>
                ^
compilation terminated.
CMakeFiles/cmTryCompileExec3182045099.dir/build.make:57: recipe for target 'CMakeFiles/cmTryCompileExec3182045099.dir/CheckIncludeFile.c.o' failed
make[3]: Leaving directory '/home/adamnuhaily/ecen5013/tutorials/unit_tests/3rd-party/build-Debug/cmocka/CMakeFiles/CMakeTmp'
make[3]: *** [CMakeFiles/cmTryCompileExec3182045099.dir/CheckIncludeFile.c.o] Error 1
Makefile:118: recipe for target 'cmTryCompileExec3182045099/fast' failed
make[2]: Leaving directory '/home/adamnuhaily/ecen5013/tutorials/unit_tests/3rd-party/build-Debug/cmocka/CMakeFiles/CMakeTmp'
make[2]: *** [cmTryCompileExec3182045099/fast] Error 2


Performing C SOURCE FILE Test HAVE_STRUCT_TIMESPEC failed with the following output:
Change Dir: /home/adamnuhaily/ecen5013/tutorials/unit_tests/3rd-party/build-Debug/cmocka/CMakeFiles/CMakeTmp

Run Build Command:"/usr/bin/make" "cmTryCompileExec4270292491/fast"
make[2]: Entering directory '/home/adamnuhaily/ecen5013/tutorials/unit_tests/3rd-party/build-Debug/cmocka/CMakeFiles/CMakeTmp'
/usr/bin/make -f CMakeFiles/cmTryCompileExec4270292491.dir/build.make CMakeFiles/cmTryCompileExec4270292491.dir/build
make[3]: Entering directory '/home/adamnuhaily/ecen5013/tutorials/unit_tests/3rd-party/build-Debug/cmocka/CMakeFiles/CMakeTmp'
/usr/bin/cmake -E cmake_progress_report /home/adamnuhaily/ecen5013/tutorials/unit_tests/3rd-party/build-Debug/cmocka/CMakeFiles/CMakeTmp/CMakeFiles 1
Building C object CMakeFiles/cmTryCompileExec4270292491.dir/src.c.o
/usr/bin/cc   -std=c99 -Wall -Werror -g -O0 -I 3rd-party/build-Debug/include  -std=gnu99 -pedantic -pedantic-errors -Wall -Wextra -Wshadow -Wmissing-prototypes -Wdeclaration-after-statement -Wunused -Wfloat-equal -Wpointer-arith -Wwrite-strings -Wformat-security -Wmissing-format-attribute -Wundef -fPIC -D_GNU_SOURCE -D_LARGEFILE64_SOURCE -DHAVE_STRUCT_TIMESPEC   -o CMakeFiles/cmTryCompileExec4270292491.dir/src.c.o   -c /home/adamnuhaily/ecen5013/tutorials/unit_tests/3rd-party/build-Debug/cmocka/CMakeFiles/CMakeTmp/src.c
/home/adamnuhaily/ecen5013/tutorials/unit_tests/3rd-party/build-Debug/cmocka/CMakeFiles/CMakeTmp/src.c: In function ‘main’:
/home/adamnuhaily/ecen5013/tutorials/unit_tests/3rd-party/build-Debug/cmocka/CMakeFiles/CMakeTmp/src.c:7:4: error: statement with no effect [-Werror=unused-value]
    tmp->tv_sec;
    ^
cc1: all warnings being treated as errors
CMakeFiles/cmTryCompileExec4270292491.dir/build.make:57: recipe for target 'CMakeFiles/cmTryCompileExec4270292491.dir/src.c.o' failed
make[3]: Leaving directory '/home/adamnuhaily/ecen5013/tutorials/unit_tests/3rd-party/build-Debug/cmocka/CMakeFiles/CMakeTmp'
make[3]: *** [CMakeFiles/cmTryCompileExec4270292491.dir/src.c.o] Error 1
Makefile:118: recipe for target 'cmTryCompileExec4270292491/fast' failed
make[2]: Leaving directory '/home/adamnuhaily/ecen5013/tutorials/unit_tests/3rd-party/build-Debug/cmocka/CMakeFiles/CMakeTmp'
make[2]: *** [cmTryCompileExec4270292491/fast] Error 2

Source file was:

#include <time.h>

int main()
{
   struct timespec* tmp;
   tmp->tv_sec;
   return 0;
}

Determining if the function calloc exists failed with the following output:
Change Dir: /home/adamnuhaily/ecen5013/tutorials/unit_tests/3rd-party/build-Debug/cmocka/CMakeFiles/CMakeTmp

Run Build Command:"/usr/bin/make" "cmTryCompileExec2973298800/fast"
make[2]: Entering directory '/home/adamnuhaily/ecen5013/tutorials/unit_tests/3rd-party/build-Debug/cmocka/CMakeFiles/CMakeTmp'
/usr/bin/make -f CMakeFiles/cmTryCompileExec2973298800.dir/build.make CMakeFiles/cmTryCompileExec2973298800.dir/build
make[3]: Entering directory '/home/adamnuhaily/ecen5013/tutorials/unit_tests/3rd-party/build-Debug/cmocka/CMakeFiles/CMakeTmp'
/usr/bin/cmake -E cmake_progress_report /home/adamnuhaily/ecen5013/tutorials/unit_tests/3rd-party/build-Debug/cmocka/CMakeFiles/CMakeTmp/CMakeFiles 1
Building C object CMakeFiles/cmTryCompileExec2973298800.dir/CheckFunctionExists.c.o
/usr/bin/cc   -std=c99 -Wall -Werror -g -O0 -I 3rd-party/build-Debug/include  -std=gnu99 -pedantic -pedantic-errors -Wall -Wextra -Wshadow -Wmissing-prototypes -Wdeclaration-after-statement -Wunused -Wfloat-equal -Wpointer-arith -Wwrite-strings -Wformat-security -Wmissing-format-attribute -Wundef -fPIC -D_GNU_SOURCE -D_LARGEFILE64_SOURCE -DCHECK_FUNCTION_EXISTS=calloc   -o CMakeFiles/cmTryCompileExec2973298800.dir/CheckFunctionExists.c.o   -c /usr/share/cmake-3.0/Modules/CheckFunctionExists.c
<command-line>:0:23: error: conflicting types for built-in function ‘calloc’ [-Werror]
/usr/share/cmake-3.0/Modules/CheckFunctionExists.c:3:6: note: in expansion of macro ‘CHECK_FUNCTION_EXISTS’
 char CHECK_FUNCTION_EXISTS();
      ^
cc1: all warnings being treated as errors
CMakeFiles/cmTryCompileExec2973298800.dir/build.make:57: recipe for target 'CMakeFiles/cmTryCompileExec2973298800.dir/CheckFunctionExists.c.o' failed
make[3]: Leaving directory '/home/adamnuhaily/ecen5013/tutorials/unit_tests/3rd-party/build-Debug/cmocka/CMakeFiles/CMakeTmp'
make[3]: *** [CMakeFiles/cmTryCompileExec2973298800.dir/CheckFunctionExists.c.o] Error 1
Makefile:118: recipe for target 'cmTryCompileExec2973298800/fast' failed
make[2]: Leaving directory '/home/adamnuhaily/ecen5013/tutorials/unit_tests/3rd-party/build-Debug/cmocka/CMakeFiles/CMakeTmp'
make[2]: *** [cmTryCompileExec2973298800/fast] Error 2


Determining if the function exit exists failed with the following output:
Change Dir: /home/adamnuhaily/ecen5013/tutorials/unit_tests/3rd-party/build-Debug/cmocka/CMakeFiles/CMakeTmp

Run Build Command:"/usr/bin/make" "cmTryCompileExec3310671044/fast"
make[2]: Entering directory '/home/adamnuhaily/ecen5013/tutorials/unit_tests/3rd-party/build-Debug/cmocka/CMakeFiles/CMakeTmp'
/usr/bin/make -f CMakeFiles/cmTryCompileExec3310671044.dir/build.make CMakeFiles/cmTryCompileExec3310671044.dir/build
make[3]: Entering directory '/home/adamnuhaily/ecen5013/tutorials/unit_tests/3rd-party/build-Debug/cmocka/CMakeFiles/CMakeTmp'
/usr/bin/cmake -E cmake_progress_report /home/adamnuhaily/ecen5013/tutorials/unit_tests/3rd-party/build-Debug/cmocka/CMakeFiles/CMakeTmp/CMakeFiles 1
Building C object CMakeFiles/cmTryCompileExec3310671044.dir/CheckFunctionExists.c.o
/usr/bin/cc   -std=c99 -Wall -Werror -g -O0 -I 3rd-party/build-Debug/include  -std=gnu99 -pedantic -pedantic-errors -Wall -Wextra -Wshadow -Wmissing-prototypes -Wdeclaration-after-statement -Wunused -Wfloat-equal -Wpointer-arith -Wwrite-strings -Wformat-security -Wmissing-format-attribute -Wundef -fPIC -D_GNU_SOURCE -D_LARGEFILE64_SOURCE -DCHECK_FUNCTION_EXISTS=exit   -o CMakeFiles/cmTryCompileExec3310671044.dir/CheckFunctionExists.c.o   -c /usr/share/cmake-3.0/Modules/CheckFunctionExists.c
<command-line>:0:23: error: conflicting types for built-in function ‘exit’ [-Werror]
/usr/share/cmake-3.0/Modules/CheckFunctionExists.c:3:6: note: in expansion of macro ‘CHECK_FUNCTION_EXISTS’
 char CHECK_FUNCTION_EXISTS();
      ^
cc1: all warnings being treated as errors
CMakeFiles/cmTryCompileExec3310671044.dir/build.make:57: recipe for target 'CMakeFiles/cmTryCompileExec3310671044.dir/CheckFunctionExists.c.o' failed
make[3]: Leaving directory '/home/adamnuhaily/ecen5013/tutorials/unit_tests/3rd-party/build-Debug/cmocka/CMakeFiles/CMakeTmp'
make[3]: *** [CMakeFiles/cmTryCompileExec3310671044.dir/CheckFunctionExists.c.o] Error 1
Makefile:118: recipe for target 'cmTryCompileExec3310671044/fast' failed
make[2]: Leaving directory '/home/adamnuhaily/ecen5013/tutorials/unit_tests/3rd-party/build-Debug/cmocka/CMakeFiles/CMakeTmp'
make[2]: *** [cmTryCompileExec3310671044/fast] Error 2


Determining if the function fprintf exists failed with the following output:
Change Dir: /home/adamnuhaily/ecen5013/tutorials/unit_tests/3rd-party/build-Debug/cmocka/CMakeFiles/CMakeTmp

Run Build Command:"/usr/bin/make" "cmTryCompileExec4020699270/fast"
make[2]: Entering directory '/home/adamnuhaily/ecen5013/tutorials/unit_tests/3rd-party/build-Debug/cmocka/CMakeFiles/CMakeTmp'
/usr/bin/make -f CMakeFiles/cmTryCompileExec4020699270.dir/build.make CMakeFiles/cmTryCompileExec4020699270.dir/build
make[3]: Entering directory '/home/adamnuhaily/ecen5013/tutorials/unit_tests/3rd-party/build-Debug/cmocka/CMakeFiles/CMakeTmp'
/usr/bin/cmake -E cmake_progress_report /home/adamnuhaily/ecen5013/tutorials/unit_tests/3rd-party/build-Debug/cmocka/CMakeFiles/CMakeTmp/CMakeFiles 1
Building C object CMakeFiles/cmTryCompileExec4020699270.dir/CheckFunctionExists.c.o
/usr/bin/cc   -std=c99 -Wall -Werror -g -O0 -I 3rd-party/build-Debug/include  -std=gnu99 -pedantic -pedantic-errors -Wall -Wextra -Wshadow -Wmissing-prototypes -Wdeclaration-after-statement -Wunused -Wfloat-equal -Wpointer-arith -Wwrite-strings -Wformat-security -Wmissing-format-attribute -Wundef -fPIC -D_GNU_SOURCE -D_LARGEFILE64_SOURCE -DCHECK_FUNCTION_EXISTS=fprintf   -o CMakeFiles/cmTryCompileExec4020699270.dir/CheckFunctionExists.c.o   -c /usr/share/cmake-3.0/Modules/CheckFunctionExists.c
<command-line>:0:23: error: conflicting types for built-in function ‘fprintf’ [-Werror]
/usr/share/cmake-3.0/Modules/CheckFunctionExists.c:3:6: note: in expansion of macro ‘CHECK_FUNCTION_EXISTS’
 char CHECK_FUNCTION_EXISTS();
      ^
cc1: all warnings being treated as errors
CMakeFiles/cmTryCompileExec4020699270.dir/build.make:57: recipe for target 'CMakeFiles/cmTryCompileExec4020699270.dir/CheckFunctionExists.c.o' failed
make[3]: Leaving directory '/home/adamnuhaily/ecen5013/tutorials/unit_tests/3rd-party/build-Debug/cmocka/CMakeFiles/CMakeTmp'
make[3]: *** [CMakeFiles/cmTryCompileExec4020699270.dir/CheckFunctionExists.c.o] Error 1
Makefile:118: recipe for target 'cmTryCompileExec4020699270/fast' failed
make[2]: Leaving directory '/home/adamnuhaily/ecen5013/tutorials/unit_tests/3rd-party/build-Debug/cmocka/CMakeFiles/CMakeTmp'
make[2]: *** [cmTryCompileExec4020699270/fast] Error 2


Determining if the function free exists failed with the following output:
Change Dir: /home/adamnuhaily/ecen5013/tutorials/unit_tests/3rd-party/build-Debug/cmocka/CMakeFiles/CMakeTmp

Run Build Command:"/usr/bin/make" "cmTryCompileExec211521657/fast"
make[2]: Entering directory '/home/adamnuhaily/ecen5013/tutorials/unit_tests/3rd-party/build-Debug/cmocka/CMakeFiles/CMakeTmp'
/usr/bin/make -f CMakeFiles/cmTryCompileExec211521657.dir/build.make CMakeFiles/cmTryCompileExec211521657.dir/build
make[3]: Entering directory '/home/adamnuhaily/ecen5013/tutorials/unit_tests/3rd-party/build-Debug/cmocka/CMakeFiles/CMakeTmp'
/usr/bin/cmake -E cmake_progress_report /home/adamnuhaily/ecen5013/tutorials/unit_tests/3rd-party/build-Debug/cmocka/CMakeFiles/CMakeTmp/CMakeFiles 1
Building C object CMakeFiles/cmTryCompileExec211521657.dir/CheckFunctionExists.c.o
/usr/bin/cc   -std=c99 -Wall -Werror -g -O0 -I 3rd-party/build-Debug/include  -std=gnu99 -pedantic -pedantic-errors -Wall -Wextra -Wshadow -Wmissing-prototypes -Wdeclaration-after-statement -Wunused -Wfloat-equal -Wpointer-arith -Wwrite-strings -Wformat-security -Wmissing-format-attribute -Wundef -fPIC -D_GNU_SOURCE -D_LARGEFILE64_SOURCE -DCHECK_FUNCTION_EXISTS=free   -o CMakeFiles/cmTryCompileExec211521657.dir/CheckFunctionExists.c.o   -c /usr/share/cmake-3.0/Modules/CheckFunctionExists.c
<command-line>:0:23: error: conflicting types for built-in function ‘free’ [-Werror]
/usr/share/cmake-3.0/Modules/CheckFunctionExists.c:3:6: note: in expansion of macro ‘CHECK_FUNCTION_EXISTS’
 char CHECK_FUNCTION_EXISTS();
      ^
cc1: all warnings being treated as errors
CMakeFiles/cmTryCompileExec211521657.dir/build.make:57: recipe for target 'CMakeFiles/cmTryCompileExec211521657.dir/CheckFunctionExists.c.o' failed
make[3]: Leaving directory '/home/adamnuhaily/ecen5013/tutorials/unit_tests/3rd-party/build-Debug/cmocka/CMakeFiles/CMakeTmp'
make[3]: *** [CMakeFiles/cmTryCompileExec211521657.dir/CheckFunctionExists.c.o] Error 1
Makefile:118: recipe for target 'cmTryCompileExec211521657/fast' failed
make[2]: Leaving directory '/home/adamnuhaily/ecen5013/tutorials/unit_tests/3rd-party/build-Debug/cmocka/CMakeFiles/CMakeTmp'
make[2]: *** [cmTryCompileExec211521657/fast] Error 2


Determining if the function malloc exists failed with the following output:
Change Dir: /home/adamnuhaily/ecen5013/tutorials/unit_tests/3rd-party/build-Debug/cmocka/CMakeFiles/CMakeTmp

Run Build Command:"/usr/bin/make" "cmTryCompileExec720417754/fast"
make[2]: Entering directory '/home/adamnuhaily/ecen5013/tutorials/unit_tests/3rd-party/build-Debug/cmocka/CMakeFiles/CMakeTmp'
/usr/bin/make -f CMakeFiles/cmTryCompileExec720417754.dir/build.make CMakeFiles/cmTryCompileExec720417754.dir/build
make[3]: Entering directory '/home/adamnuhaily/ecen5013/tutorials/unit_tests/3rd-party/build-Debug/cmocka/CMakeFiles/CMakeTmp'
/usr/bin/cmake -E cmake_progress_report /home/adamnuhaily/ecen5013/tutorials/unit_tests/3rd-party/build-Debug/cmocka/CMakeFiles/CMakeTmp/CMakeFiles 1
Building C object CMakeFiles/cmTryCompileExec720417754.dir/CheckFunctionExists.c.o
/usr/bin/cc   -std=c99 -Wall -Werror -g -O0 -I 3rd-party/build-Debug/include  -std=gnu99 -pedantic -pedantic-errors -Wall -Wextra -Wshadow -Wmissing-prototypes -Wdeclaration-after-statement -Wunused -Wfloat-equal -Wpointer-arith -Wwrite-strings -Wformat-security -Wmissing-format-attribute -Wundef -fPIC -D_GNU_SOURCE -D_LARGEFILE64_SOURCE -DCHECK_FUNCTION_EXISTS=malloc   -o CMakeFiles/cmTryCompileExec720417754.dir/CheckFunctionExists.c.o   -c /usr/share/cmake-3.0/Modules/CheckFunctionExists.c
<command-line>:0:23: error: conflicting types for built-in function ‘malloc’ [-Werror]
/usr/share/cmake-3.0/Modules/CheckFunctionExists.c:3:6: note: in expansion of macro ‘CHECK_FUNCTION_EXISTS’
 char CHECK_FUNCTION_EXISTS();
      ^
cc1: all warnings being treated as errors
CMakeFiles/cmTryCompileExec720417754.dir/build.make:57: recipe for target 'CMakeFiles/cmTryCompileExec720417754.dir/CheckFunctionExists.c.o' failed
make[3]: Leaving directory '/home/adamnuhaily/ecen5013/tutorials/unit_tests/3rd-party/build-Debug/cmocka/CMakeFiles/CMakeTmp'
make[3]: *** [CMakeFiles/cmTryCompileExec720417754.dir/CheckFunctionExists.c.o] Error 1
Makefile:118: recipe for target 'cmTryCompileExec720417754/fast' failed
make[2]: Leaving directory '/home/adamnuhaily/ecen5013/tutorials/unit_tests/3rd-party/build-Debug/cmocka/CMakeFiles/CMakeTmp'
make[2]: *** [cmTryCompileExec720417754/fast] Error 2


Determining if the function memcpy exists failed with the following output:
Change Dir: /home/adamnuhaily/ecen5013/tutorials/unit_tests/3rd-party/build-Debug/cmocka/CMakeFiles/CMakeTmp

Run Build Command:"/usr/bin/make" "cmTryCompileExec711093783/fast"
make[2]: Entering directory '/home/adamnuhaily/ecen5013/tutorials/unit_tests/3rd-party/build-Debug/cmocka/CMakeFiles/CMakeTmp'
/usr/bin/make -f CMakeFiles/cmTryCompileExec711093783.dir/build.make CMakeFiles/cmTryCompileExec711093783.dir/build
make[3]: Entering directory '/home/adamnuhaily/ecen5013/tutorials/unit_tests/3rd-party/build-Debug/cmocka/CMakeFiles/CMakeTmp'
/usr/bin/cmake -E cmake_progress_report /home/adamnuhaily/ecen5013/tutorials/unit_tests/3rd-party/build-Debug/cmocka/CMakeFiles/CMakeTmp/CMakeFiles 1
Building C object CMakeFiles/cmTryCompileExec711093783.dir/CheckFunctionExists.c.o
/usr/bin/cc   -std=c99 -Wall -Werror -g -O0 -I 3rd-party/build-Debug/include  -std=gnu99 -pedantic -pedantic-errors -Wall -Wextra -Wshadow -Wmissing-prototypes -Wdeclaration-after-statement -Wunused -Wfloat-equal -Wpointer-arith -Wwrite-strings -Wformat-security -Wmissing-format-attribute -Wundef -fPIC -D_GNU_SOURCE -D_LARGEFILE64_SOURCE -DCHECK_FUNCTION_EXISTS=memcpy   -o CMakeFiles/cmTryCompileExec711093783.dir/CheckFunctionExists.c.o   -c /usr/share/cmake-3.0/Modules/CheckFunctionExists.c
<command-line>:0:23: error: conflicting types for built-in function ‘memcpy’ [-Werror]
/usr/share/cmake-3.0/Modules/CheckFunctionExists.c:3:6: note: in expansion of macro ‘CHECK_FUNCTION_EXISTS’
 char CHECK_FUNCTION_EXISTS();
      ^
cc1: all warnings being treated as errors
CMakeFiles/cmTryCompileExec711093783.dir/build.make:57: recipe for target 'CMakeFiles/cmTryCompileExec711093783.dir/CheckFunctionExists.c.o' failed
make[3]: Leaving directory '/home/adamnuhaily/ecen5013/tutorials/unit_tests/3rd-party/build-Debug/cmocka/CMakeFiles/CMakeTmp'
make[3]: *** [CMakeFiles/cmTryCompileExec711093783.dir/CheckFunctionExists.c.o] Error 1
Makefile:118: recipe for target 'cmTryCompileExec711093783/fast' failed
make[2]: Leaving directory '/home/adamnuhaily/ecen5013/tutorials/unit_tests/3rd-party/build-Debug/cmocka/CMakeFiles/CMakeTmp'
make[2]: *** [cmTryCompileExec711093783/fast] Error 2


Determining if the function memset exists failed with the following output:
Change Dir: /home/adamnuhaily/ecen5013/tutorials/unit_tests/3rd-party/build-Debug/cmocka/CMakeFiles/CMakeTmp

Run Build Command:"/usr/bin/make" "cmTryCompileExec3757343417/fast"
make[2]: Entering directory '/home/adamnuhaily/ecen5013/tutorials/unit_tests/3rd-party/build-Debug/cmocka/CMakeFiles/CMakeTmp'
/usr/bin/make -f CMakeFiles/cmTryCompileExec3757343417.dir/build.make CMakeFiles/cmTryCompileExec3757343417.dir/build
make[3]: Entering directory '/home/adamnuhaily/ecen5013/tutorials/unit_tests/3rd-party/build-Debug/cmocka/CMakeFiles/CMakeTmp'
/usr/bin/cmake -E cmake_progress_report /home/adamnuhaily/ecen5013/tutorials/unit_tests/3rd-party/build-Debug/cmocka/CMakeFiles/CMakeTmp/CMakeFiles 1
Building C object CMakeFiles/cmTryCompileExec3757343417.dir/CheckFunctionExists.c.o
/usr/bin/cc   -std=c99 -Wall -Werror -g -O0 -I 3rd-party/build-Debug/include  -std=gnu99 -pedantic -pedantic-errors -Wall -Wextra -Wshadow -Wmissing-prototypes -Wdeclaration-after-statement -Wunused -Wfloat-equal -Wpointer-arith -Wwrite-strings -Wformat-security -Wmissing-format-attribute -Wundef -fPIC -D_GNU_SOURCE -D_LARGEFILE64_SOURCE -DCHECK_FUNCTION_EXISTS=memset   -o CMakeFiles/cmTryCompileExec3757343417.dir/CheckFunctionExists.c.o   -c /usr/share/cmake-3.0/Modules/CheckFunctionExists.c
<command-line>:0:23: error: conflicting types for built-in function ‘memset’ [-Werror]
/usr/share/cmake-3.0/Modules/CheckFunctionExists.c:3:6: note: in expansion of macro ‘CHECK_FUNCTION_EXISTS’
 char CHECK_FUNCTION_EXISTS();
      ^
cc1: all warnings being treated as errors
CMakeFiles/cmTryCompileExec3757343417.dir/build.make:57: recipe for target 'CMakeFiles/cmTryCompileExec3757343417.dir/CheckFunctionExists.c.o' failed
make[3]: Leaving directory '/home/adamnuhaily/ecen5013/tutorials/unit_tests/3rd-party/build-Debug/cmocka/CMakeFiles/CMakeTmp'
make[3]: *** [CMakeFiles/cmTryCompileExec3757343417.dir/CheckFunctionExists.c.o] Error 1
Makefile:118: recipe for target 'cmTryCompileExec3757343417/fast' failed
make[2]: Leaving directory '/home/adamnuhaily/ecen5013/tutorials/unit_tests/3rd-party/build-Debug/cmocka/CMakeFiles/CMakeTmp'
make[2]: *** [cmTryCompileExec3757343417/fast] Error 2


Determining if the function printf exists failed with the following output:
Change Dir: /home/adamnuhaily/ecen5013/tutorials/unit_tests/3rd-party/build-Debug/cmocka/CMakeFiles/CMakeTmp

Run Build Command:"/usr/bin/make" "cmTryCompileExec2266416556/fast"
make[2]: Entering directory '/home/adamnuhaily/ecen5013/tutorials/unit_tests/3rd-party/build-Debug/cmocka/CMakeFiles/CMakeTmp'
/usr/bin/make -f CMakeFiles/cmTryCompileExec2266416556.dir/build.make CMakeFiles/cmTryCompileExec2266416556.dir/build
make[3]: Entering directory '/home/adamnuhaily/ecen5013/tutorials/unit_tests/3rd-party/build-Debug/cmocka/CMakeFiles/CMakeTmp'
/usr/bin/cmake -E cmake_progress_report /home/adamnuhaily/ecen5013/tutorials/unit_tests/3rd-party/build-Debug/cmocka/CMakeFiles/CMakeTmp/CMakeFiles 1
Building C object CMakeFiles/cmTryCompileExec2266416556.dir/CheckFunctionExists.c.o
/usr/bin/cc   -std=c99 -Wall -Werror -g -O0 -I 3rd-party/build-Debug/include  -std=gnu99 -pedantic -pedantic-errors -Wall -Wextra -Wshadow -Wmissing-prototypes -Wdeclaration-after-statement -Wunused -Wfloat-equal -Wpointer-arith -Wwrite-strings -Wformat-security -Wmissing-format-attribute -Wundef -fPIC -D_GNU_SOURCE -D_LARGEFILE64_SOURCE -DCHECK_FUNCTION_EXISTS=printf   -o CMakeFiles/cmTryCompileExec2266416556.dir/CheckFunctionExists.c.o   -c /usr/share/cmake-3.0/Modules/CheckFunctionExists.c
<command-line>:0:23: error: conflicting types for built-in function ‘printf’ [-Werror]
/usr/share/cmake-3.0/Modules/CheckFunctionExists.c:3:6: note: in expansion of macro ‘CHECK_FUNCTION_EXISTS’
 char CHECK_FUNCTION_EXISTS();
      ^
cc1: all warnings being treated as errors
CMakeFiles/cmTryCompileExec2266416556.dir/build.make:57: recipe for target 'CMakeFiles/cmTryCompileExec2266416556.dir/CheckFunctionExists.c.o' failed
make[3]: Leaving directory '/home/adamnuhaily/ecen5013/tutorials/unit_tests/3rd-party/build-Debug/cmocka/CMakeFiles/CMakeTmp'
make[3]: *** [CMakeFiles/cmTryCompileExec2266416556.dir/CheckFunctionExists.c.o] Error 1
Makefile:118: recipe for target 'cmTryCompileExec2266416556/fast' failed
make[2]: Leaving directory '/home/adamnuhaily/ecen5013/tutorials/unit_tests/3rd-party/build-Debug/cmocka/CMakeFiles/CMakeTmp'
make[2]: *** [cmTryCompileExec2266416556/fast] Error 2


Determining if the function strcmp exists failed with the following output:
Change Dir: /home/adamnuhaily/ecen5013/tutorials/unit_tests/3rd-party/build-Debug/cmocka/CMakeFiles/CMakeTmp

Run Build Command:"/usr/bin/make" "cmTryCompileExec3752350940/fast"
make[2]: Entering directory '/home/adamnuhaily/ecen5013/tutorials/unit_tests/3rd-party/build-Debug/cmocka/CMakeFiles/CMakeTmp'
/usr/bin/make -f CMakeFiles/cmTryCompileExec3752350940.dir/build.make CMakeFiles/cmTryCompileExec3752350940.dir/build
make[3]: Entering directory '/home/adamnuhaily/ecen5013/tutorials/unit_tests/3rd-party/build-Debug/cmocka/CMakeFiles/CMakeTmp'
/usr/bin/cmake -E cmake_progress_report /home/adamnuhaily/ecen5013/tutorials/unit_tests/3rd-party/build-Debug/cmocka/CMakeFiles/CMakeTmp/CMakeFiles 1
Building C object CMakeFiles/cmTryCompileExec3752350940.dir/CheckFunctionExists.c.o
/usr/bin/cc   -std=c99 -Wall -Werror -g -O0 -I 3rd-party/build-Debug/include  -std=gnu99 -pedantic -pedantic-errors -Wall -Wextra -Wshadow -Wmissing-prototypes -Wdeclaration-after-statement -Wunused -Wfloat-equal -Wpointer-arith -Wwrite-strings -Wformat-security -Wmissing-format-attribute -Wundef -fPIC -D_GNU_SOURCE -D_LARGEFILE64_SOURCE -DCHECK_FUNCTION_EXISTS=strcmp   -o CMakeFiles/cmTryCompileExec3752350940.dir/CheckFunctionExists.c.o   -c /usr/share/cmake-3.0/Modules/CheckFunctionExists.c
<command-line>:0:23: error: conflicting types for built-in function ‘strcmp’ [-Werror]
/usr/share/cmake-3.0/Modules/CheckFunctionExists.c:3:6: note: in expansion of macro ‘CHECK_FUNCTION_EXISTS’
 char CHECK_FUNCTION_EXISTS();
      ^
cc1: all warnings being treated as errors
CMakeFiles/cmTryCompileExec3752350940.dir/build.make:57: recipe for target 'CMakeFiles/cmTryCompileExec3752350940.dir/CheckFunctionExists.c.o' failed
make[3]: Leaving directory '/home/adamnuhaily/ecen5013/tutorials/unit_tests/3rd-party/build-Debug/cmocka/CMakeFiles/CMakeTmp'
make[3]: *** [CMakeFiles/cmTryCompileExec3752350940.dir/CheckFunctionExists.c.o] Error 1
Makefile:118: recipe for target 'cmTryCompileExec3752350940/fast' failed
make[2]: Leaving directory '/home/adamnuhaily/ecen5013/tutorials/unit_tests/3rd-party/build-Debug/cmocka/CMakeFiles/CMakeTmp'
make[2]: *** [cmTryCompileExec3752350940/fast] Error 2


Determining if the function sprintf exists failed with the following output:
Change Dir: /home/adamnuhaily/ecen5013/tutorials/unit_tests/3rd-party/build-Debug/cmocka/CMakeFiles/CMakeTmp

Run Build Command:"/usr/bin/make" "cmTryCompileExec3567602985/fast"
make[2]: Entering directory '/home/adamnuhaily/ecen5013/tutorials/unit_tests/3rd-party/build-Debug/cmocka/CMakeFiles/CMakeTmp'
/usr/bin/make -f CMakeFiles/cmTryCompileExec3567602985.dir/build.make CMakeFiles/cmTryCompileExec3567602985.dir/build
make[3]: Entering directory '/home/adamnuhaily/ecen5013/tutorials/unit_tests/3rd-party/build-Debug/cmocka/CMakeFiles/CMakeTmp'
/usr/bin/cmake -E cmake_progress_report /home/adamnuhaily/ecen5013/tutorials/unit_tests/3rd-party/build-Debug/cmocka/CMakeFiles/CMakeTmp/CMakeFiles 1
Building C object CMakeFiles/cmTryCompileExec3567602985.dir/CheckFunctionExists.c.o
/usr/bin/cc   -std=c99 -Wall -Werror -g -O0 -I 3rd-party/build-Debug/include  -std=gnu99 -pedantic -pedantic-errors -Wall -Wextra -Wshadow -Wmissing-prototypes -Wdeclaration-after-statement -Wunused -Wfloat-equal -Wpointer-arith -Wwrite-strings -Wformat-security -Wmissing-format-attribute -Wundef -fPIC -D_GNU_SOURCE -D_LARGEFILE64_SOURCE -DCHECK_FUNCTION_EXISTS=sprintf   -o CMakeFiles/cmTryCompileExec3567602985.dir/CheckFunctionExists.c.o   -c /usr/share/cmake-3.0/Modules/CheckFunctionExists.c
<command-line>:0:23: error: conflicting types for built-in function ‘sprintf’ [-Werror]
/usr/share/cmake-3.0/Modules/CheckFunctionExists.c:3:6: note: in expansion of macro ‘CHECK_FUNCTION_EXISTS’
 char CHECK_FUNCTION_EXISTS();
      ^
cc1: all warnings being treated as errors
CMakeFiles/cmTryCompileExec3567602985.dir/build.make:57: recipe for target 'CMakeFiles/cmTryCompileExec3567602985.dir/CheckFunctionExists.c.o' failed
make[3]: Leaving directory '/home/adamnuhaily/ecen5013/tutorials/unit_tests/3rd-party/build-Debug/cmocka/CMakeFiles/CMakeTmp'
make[3]: *** [CMakeFiles/cmTryCompileExec3567602985.dir/CheckFunctionExists.c.o] Error 1
Makefile:118: recipe for target 'cmTryCompileExec3567602985/fast' failed
make[2]: Leaving directory '/home/adamnuhaily/ecen5013/tutorials/unit_tests/3rd-party/build-Debug/cmocka/CMakeFiles/CMakeTmp'
make[2]: *** [cmTryCompileExec3567602985/fast] Error 2


Determining if the function vsnprintf exists failed with the following output:
Change Dir: /home/adamnuhaily/ecen5013/tutorials/unit_tests/3rd-party/build-Debug/cmocka/CMakeFiles/CMakeTmp

Run Build Command:"/usr/bin/make" "cmTryCompileExec315239218/fast"
make[2]: Entering directory '/home/adamnuhaily/ecen5013/tutorials/unit_tests/3rd-party/build-Debug/cmocka/CMakeFiles/CMakeTmp'
/usr/bin/make -f CMakeFiles/cmTryCompileExec315239218.dir/build.make CMakeFiles/cmTryCompileExec315239218.dir/build
make[3]: Entering directory '/home/adamnuhaily/ecen5013/tutorials/unit_tests/3rd-party/build-Debug/cmocka/CMakeFiles/CMakeTmp'
/usr/bin/cmake -E cmake_progress_report /home/adamnuhaily/ecen5013/tutorials/unit_tests/3rd-party/build-Debug/cmocka/CMakeFiles/CMakeTmp/CMakeFiles 1
Building C object CMakeFiles/cmTryCompileExec315239218.dir/CheckFunctionExists.c.o
/usr/bin/cc   -std=c99 -Wall -Werror -g -O0 -I 3rd-party/build-Debug/include  -std=gnu99 -pedantic -pedantic-errors -Wall -Wextra -Wshadow -Wmissing-prototypes -Wdeclaration-after-statement -Wunused -Wfloat-equal -Wpointer-arith -Wwrite-strings -Wformat-security -Wmissing-format-attribute -Wundef -fPIC -D_GNU_SOURCE -D_LARGEFILE64_SOURCE -DCHECK_FUNCTION_EXISTS=vsnprintf   -o CMakeFiles/cmTryCompileExec315239218.dir/CheckFunctionExists.c.o   -c /usr/share/cmake-3.0/Modules/CheckFunctionExists.c
<command-line>:0:23: error: conflicting types for built-in function ‘vsnprintf’ [-Werror]
/usr/share/cmake-3.0/Modules/CheckFunctionExists.c:3:6: note: in expansion of macro ‘CHECK_FUNCTION_EXISTS’
 char CHECK_FUNCTION_EXISTS();
      ^
cc1: all warnings being treated as errors
CMakeFiles/cmTryCompileExec315239218.dir/build.make:57: recipe for target 'CMakeFiles/cmTryCompileExec315239218.dir/CheckFunctionExists.c.o' failed
make[3]: Leaving directory '/home/adamnuhaily/ecen5013/tutorials/unit_tests/3rd-party/build-Debug/cmocka/CMakeFiles/CMakeTmp'
make[3]: *** [CMakeFiles/cmTryCompileExec315239218.dir/CheckFunctionExists.c.o] Error 1
Makefile:118: recipe for target 'cmTryCompileExec315239218/fast' failed
make[2]: Leaving directory '/home/adamnuhaily/ecen5013/tutorials/unit_tests/3rd-party/build-Debug/cmocka/CMakeFiles/CMakeTmp'
make[2]: *** [cmTryCompileExec315239218/fast] Error 2


Determining if the system is big endian passed with the following output:
Change Dir: /home/adamnuhaily/ecen5013/tutorials/unit_tests/3rd-party/build-Debug/cmocka/CMakeFiles/CMakeTmp

Run Build Command:"/usr/bin/make" "cmTryCompileExec1256122859/fast"
make[2]: Entering directory '/home/adamnuhaily/ecen5013/tutorials/unit_tests/3rd-party/build-Debug/cmocka/CMakeFiles/CMakeTmp'
/usr/bin/make -f CMakeFiles/cmTryCompileExec1256122859.dir/build.make CMakeFiles/cmTryCompileExec1256122859.dir/build
make[3]: Entering directory '/home/adamnuhaily/ecen5013/tutorials/unit_tests/3rd-party/build-Debug/cmocka/CMakeFiles/CMakeTmp'
/usr/bin/cmake -E cmake_progress_report /home/adamnuhaily/ecen5013/tutorials/unit_tests/3rd-party/build-Debug/cmocka/CMakeFiles/CMakeTmp/CMakeFiles 1
Building C object CMakeFiles/cmTryCompileExec1256122859.dir/TestEndianess.c.o
/usr/bin/cc   -std=c99 -Wall -Werror -g -O0 -I 3rd-party/build-Debug/include  -std=gnu99 -pedantic -pedantic-errors -Wall -Wextra -Wshadow -Wmissing-prototypes -Wdeclaration-after-statement -Wunused -Wfloat-equal -Wpointer-arith -Wwrite-strings -Wformat-security -Wmissing-format-attribute -Wundef -fPIC -D_GNU_SOURCE -D_LARGEFILE64_SOURCE    -o CMakeFiles/cmTryCompileExec1256122859.dir/TestEndianess.c.o   -c /home/adamnuhaily/ecen5013/tutorials/unit_tests/3rd-party/build-Debug/cmocka/CMakeFiles/CMakeTmp/TestEndianess.c
Linking C executable cmTryCompileExec1256122859
/usr/bin/cmake -E cmake_link_script CMakeFiles/cmTryCompileExec1256122859.dir/link.txt --verbose=1
/usr/bin/cc  -std=c99 -Wall -Werror -g -O0 -I 3rd-party/build-Debug/include  -std=gnu99 -pedantic -pedantic-errors -Wall -Wextra -Wshadow -Wmissing-prototypes -Wdeclaration-after-statement -Wunused -Wfloat-equal -Wpointer-arith -Wwrite-strings -Wformat-security -Wmissing-format-attribute -Wundef -fPIC -D_GNU_SOURCE -D_LARGEFILE64_SOURCE     CMakeFiles/cmTryCompileExec1256122859.dir/TestEndianess.c.o  -o cmTryCompileExec1256122859 -rdynamic 
make[3]: Leaving directory '/home/adamnuhaily/ecen5013/tutorials/unit_tests/3rd-party/build-Debug/cmocka/CMakeFiles/CMakeTmp'
make[2]: Leaving directory '/home/adamnuhaily/ecen5013/tutorials/unit_tests/3rd-party/build-Debug/cmocka/CMakeFiles/CMakeTmp'

TestEndianess.c:
/* A 16 bit integer is required. */
typedef unsigned short cmakeint16;

/* On a little endian machine, these 16bit ints will give "THIS IS LITTLE ENDIAN."
   On a big endian machine the characters will be exchanged pairwise. */
const cmakeint16 info_little[] =  {0x4854, 0x5349, 0x4920, 0x2053, 0x494c, 0x5454, 0x454c, 0x4520, 0x444e, 0x4149, 0x2e4e, 0x0000};

/* on a big endian machine, these 16bit ints will give "THIS IS BIG ENDIAN."
   On a little endian machine the characters will be exchanged pairwise. */
const cmakeint16 info_big[] =     {0x5448, 0x4953, 0x2049, 0x5320, 0x4249, 0x4720, 0x454e, 0x4449, 0x414e, 0x2e2e, 0x0000};

#ifdef __CLASSIC_C__
int main(argc, argv) int argc; char *argv[];
#else
int main(int argc, char *argv[])
#endif
{
  int require = 0;
  require += info_little[argc];
  require += info_big[argc];
  (void)argv;
  return require;
}


